<?xml version="1.0" encoding="UTF-8"?>
<!-- Generated by org.testng.reporters.JUnitReportReporter -->
<testsuite hostname="hp-HP" name="com.bookmyshow.tests.Testclass1" tests="6" failures="0" timestamp="19 Feb 2020 10:18:56 GMT" time="64.531" errors="0">
  <testcase name="testcase4" time="14.749" classname="com.bookmyshow.tests.Testclass1"/>
  <testcase name="testcase2" time="5.941" classname="com.bookmyshow.tests.Testclass1"/>
  <testcase name="testcase3" time="7.653" classname="com.bookmyshow.tests.Testclass1"/>
  <testcase name="testcase6" time="0.903" classname="com.bookmyshow.tests.Testclass1"/>
  <testcase name="testcase1" time="25.227" classname="com.bookmyshow.tests.Testclass1"/>
  <testcase name="testcase5" time="10.058" classname="com.bookmyshow.tests.Testclass1"/>
</testsuite> <!-- com.bookmyshow.tests.Testclass1 -->
